<?xml version="1.0" encoding="utf-8"?><testsuites name="pytest tests"><testsuite name="pytest" errors="0" failures="0" skipped="0" tests="17" time="61.893" timestamp="2026-08-09T21:40:21.517846+00:00" hostname="agent-env-577aa8ea-99b0-4888-8c2e-3c400d97fcc2"><testcase classname="backend.tests.test_security_and_regression.TestAdminRefreshPredictions" name="test_no_auth_returns_401" time="0.258" /><testcase classname="backend.tests.test_security_and_regression.TestAdminRefreshPredictions" name="test_bogus_bearer_returns_401" time="0.046" /><testcase classname="backend.tests.test_security_and_regression.TestAdminRefreshPredictions" name="test_bogus_cookie_returns_401" time="0.141" /><testcase classname="backend.tests.test_security_and_regression.TestCORS" name="test_cors_does_not_combine_credentials_with_wildcard_or_reflected_origin" time="6.514" /><testcase classname="backend.tests.test_security_and_regression.TestCORS" name="test_cors_preflight_does_not_reflect_foreign_origin_with_credentials" time="0.018" /><testcase classname="backend.tests.test_security_and_regression.TestChatLengthHardening" name="test_message_over_500_chars_rejected_422" time="0.045" /><testcase classname="backend.tests.test_security_and_regression.TestChatLengthHardening" name="test_empty_message_rejected_422" time="0.045" /><testcase classname="backend.tests.test_security_and_regression.TestChatLengthHardening" name="test_normal_message_accepted_and_persisted" time="0.092" /><testcase classname="backend.tests.test_security_and_regression.TestChatLengthHardening" name="test_exactly_500_chars_accepted" time="0.046" /><testcase classname="backend.tests.test_security_and_regression.TestPublicRegression" name="test_games_returns_200_list" time="16.594" /><testcase classname="backend.tests.test_security_and_regression.TestPublicRegression" name="test_player_props_returns_200_list" time="37.469" /><testcase classname="backend.tests.test_security_and_regression.TestPublicRegression" name="test_odds_all_returns_200_list" time="0.304" /><testcase classname="backend.tests.test_security_and_regression.TestPublicRegression" name="test_highlights_returns_200_list" time="0.051" /><testcase classname="backend.tests.test_security_and_regression.TestPublicRegression" name="test_chat_messages_get_returns_200_list" time="0.043" /><testcase classname="backend.tests.test_security_and_regression.TestAuthMeUnauthenticated" name="test_auth_me_no_session_returns_401_not_500" time="0.042" /><testcase classname="backend.tests.test_security_and_regression.TestAuthMeUnauthenticated" name="test_auth_me_bogus_bearer_returns_401" time="0.046" /><testcase classname="backend.tests.test_security_and_regression.TestHealth" name="test_root_health" time="0.044" /></testsuite></testsuites>